
         ,--.
       ,--.'|
   ,--,:  : |                                           Nacos 1.3.1
,`--.'`|  ' :                       ,---.               Running in stand alone mode, All function modules
|   :  :  | |                      '   ,'\   .--.--.    Port: 9999
:   |   \ | :  ,--.--.     ,---.  /   /   | /  /    '   Pid: 25
|   : '  '; | /       \   /     \.   ; ,. :|  :  /`./   Console: http://172.19.0.4:9999/nacos/index.html
'   ' ;.    ;.--.  .-. | /    / ''   | |: :|  :  ;_
|   | | \   | \__\/: . ..    ' / '   | .; : \  \    `.      https://nacos.io
'   : |  ; .' ," .--.; |'   ; :__|   :    |  `----.   \
|   | '`--'  /  /  ,.  |'   | '.'|\   \  /  /  /`--'  /
'   : |     ;  :   .'   \   :    : `----'  '--'.     /
;   |.'     |  ,     .-./\   \  /            `--'---'
'---'        `--`---'     `----'

2020-11-06 23:24:08,342 INFO Bean 'org.springframework.security.config.annotation.configuration.ObjectPostProcessorConfiguration' of type [org.springframework.security.config.annotation.configuration.ObjectPostProcessorConfiguration$$EnhancerBySpringCGLIB$$91a6360c] is not eligible for getting processed by all BeanPostProcessors (for example: not eligible for auto-proxying)

2020-11-06 23:24:08,911 INFO Bean 'objectPostProcessor' of type [org.springframework.security.config.annotation.configuration.AutowireBeanFactoryObjectPostProcessor] is not eligible for getting processed by all BeanPostProcessors (for example: not eligible for auto-proxying)

2020-11-06 23:24:08,948 INFO Bean 'org.springframework.security.access.expression.method.DefaultMethodSecurityExpressionHandler@40317ba2' of type [org.springframework.security.access.expression.method.DefaultMethodSecurityExpressionHandler] is not eligible for getting processed by all BeanPostProcessors (for example: not eligible for auto-proxying)

2020-11-06 23:24:08,959 INFO Bean 'org.springframework.security.config.annotation.method.configuration.GlobalMethodSecurityConfiguration' of type [org.springframework.security.config.annotation.method.configuration.GlobalMethodSecurityConfiguration$$EnhancerBySpringCGLIB$$b67ad8be] is not eligible for getting processed by all BeanPostProcessors (for example: not eligible for auto-proxying)

2020-11-06 23:24:08,984 INFO Bean 'methodSecurityMetadataSource' of type [org.springframework.security.access.method.DelegatingMethodSecurityMetadataSource] is not eligible for getting processed by all BeanPostProcessors (for example: not eligible for auto-proxying)

2020-11-06 23:24:13,485 INFO Tomcat initialized with port(s): 9999 (http)

2020-11-06 23:24:14,990 INFO Root WebApplicationContext: initialization completed in 14950 ms

2020-11-06 23:24:28,502 INFO Initializing ExecutorService 'applicationTaskExecutor'

2020-11-06 23:24:29,310 INFO Adding welcome page: class path resource [static/index.html]

2020-11-06 23:24:30,582 INFO Creating filter chain: Ant [pattern='/**'], []

2020-11-06 23:24:30,688 INFO Creating filter chain: any request, [org.springframework.security.web.context.request.async.WebAsyncManagerIntegrationFilter@6db66836, org.springframework.security.web.context.SecurityContextPersistenceFilter@61edc883, org.springframework.security.web.header.HeaderWriterFilter@3591009c, org.springframework.security.web.csrf.CsrfFilter@7a11c4c7, org.springframework.security.web.authentication.logout.LogoutFilter@27e0f2f5, org.springframework.security.web.savedrequest.RequestCacheAwareFilter@182f1e9a, org.springframework.security.web.servletapi.SecurityContextHolderAwareRequestFilter@69f63d95, org.springframework.security.web.authentication.AnonymousAuthenticationFilter@db44aa2, org.springframework.security.web.session.SessionManagementFilter@b5cc23a, org.springframework.security.web.access.ExceptionTranslationFilter@7555b920]

2020-11-06 23:24:31,094 INFO Exposing 16 endpoint(s) beneath base path '/actuator'

2020-11-06 23:24:31,186 INFO Initializing ExecutorService 'taskScheduler'

2020-11-06 23:24:31,541 INFO Tomcat started on port(s): 9999 (http) with context path '/nacos'

2020-11-06 23:24:31,575 INFO Nacos Log files: /home/nacos/logs

2020-11-06 23:24:31,596 INFO Nacos Log files: /home/nacos/conf

2020-11-06 23:24:31,599 INFO Nacos Log files: /home/nacos/data

2020-11-06 23:24:31,602 INFO Nacos started successfully in stand alone mode. use embedded storage

2020-11-06 23:25:06,861 INFO Initializing Servlet 'dispatcherServlet'

2020-11-06 23:25:06,894 INFO Completed initialization in 29 ms

